{"name": "Проверка, что при вводе почты и клику по кнопке «Восстановить» появляется форма восстановления пароля", "status": "broken", "statusDetails": {"message": "selenium.common.exceptions.ElementClickInterceptedException: Message: Element <button class=\"button_button__33qZ0 button_button_type_primary__1O7Bx button_button_size_medium__3zxIa\"> is not clickable at point (720,461) because another element <div class=\"Modal_modal_overlay__x2ZCr\"> obscures it\nStacktrace:\nRemoteError@chrome://remote/content/shared/RemoteError.sys.mjs:8:8\nWebDriverError@chrome://remote/content/shared/webdriver/Errors.sys.mjs:192:5\nElementClickInterceptedError@chrome://remote/content/shared/webdriver/Errors.sys.mjs:336:5\nwebdriverClickElement@chrome://remote/content/marionette/interaction.sys.mjs:176:11\ninteraction.clickElement@chrome://remote/content/marionette/interaction.sys.mjs:135:11\nclickElement@chrome://remote/content/marionette/actors/MarionetteCommandsChild.sys.mjs:204:29\nreceiveMessage@chrome://remote/content/marionette/actors/MarionetteCommandsChild.sys.mjs:84:31", "trace": "self = <tests.test_restore_password_page.TestRestorePasswordPage object at 0x1052f0350>\ndriver = <selenium.webdriver.firefox.webdriver.WebDriver (session=\"55aed36a-5a06-4002-aeab-4dc508fb537e\")>\n\n    @allure.title('Проверка, что при вводе почты и клику по кнопке «Восстановить» появляется форма восстановления'\n                  ' пароля')\n    @allure.description('Появляется текст \"Восстановление пароля\" и поля для ввода нового пароля и кода из письма')\n    def test_click_to_restore_button(self, driver):\n        restore_pass_page = RestorePasswordPage(driver)\n        driver.get(Links.FORGOT_PASSWORD_URL)\n        restore_pass_page.set_text_to_element(RestorePasswordLocators.EMAIL_FIELD, TestRestorePasswordPage.email)\n>       restore_pass_page.click_on_element(RestorePasswordLocators.RECOVER_BUTTON)\n\ntests/test_restore_password_page.py:43: \n_ _ _ _ _ _ _ _ _ _ _ _ _ _ _ _ _ _ _ _ _ _ _ _ _ _ _ _ _ _ _ _ _ _ _ _ _ _ _ _ _ _ _ _ _ _ _ _ _ _ _ _ _ _ _ _ _ _ _ _ _ _ _ _ _ _ _ _ _ _ _ _ _ _ _ _ _ _ _ _ _ _ _ _ _ _ \npages/base_page.py:21: in click_on_element\n    element.click()\n/Library/Frameworks/Python.framework/Versions/3.12/lib/python3.12/site-packages/selenium/webdriver/remote/webelement.py:94: in click\n    self._execute(Command.CLICK_ELEMENT)\n/Library/Frameworks/Python.framework/Versions/3.12/lib/python3.12/site-packages/selenium/webdriver/remote/webelement.py:395: in _execute\n    return self._parent.execute(command, params)\n/Library/Frameworks/Python.framework/Versions/3.12/lib/python3.12/site-packages/selenium/webdriver/remote/webdriver.py:347: in execute\n    self.error_handler.check_response(response)\n_ _ _ _ _ _ _ _ _ _ _ _ _ _ _ _ _ _ _ _ _ _ _ _ _ _ _ _ _ _ _ _ _ _ _ _ _ _ _ _ _ _ _ _ _ _ _ _ _ _ _ _ _ _ _ _ _ _ _ _ _ _ _ _ _ _ _ _ _ _ _ _ _ _ _ _ _ _ _ _ _ _ _ _ _ _ \n\nself = <selenium.webdriver.remote.errorhandler.ErrorHandler object at 0x1053ecc50>\nresponse = {'status': 400, 'value': '{\"value\":{\"error\":\"element click intercepted\",\"message\":\"Element <button class=\\\\\"button_but...sys.mjs:204:29\\\\nreceiveMessage@chrome://remote/content/marionette/actors/MarionetteCommandsChild.sys.mjs:84:31\\\\n\"}}'}\n\n    def check_response(self, response: Dict[str, Any]) -> None:\n        \"\"\"Checks that a JSON response from the WebDriver does not have an\n        error.\n    \n        :Args:\n         - response - The JSON response from the WebDriver server as a dictionary\n           object.\n    \n        :Raises: If the response contains an error message.\n        \"\"\"\n        status = response.get(\"status\", None)\n        if not status or status == ErrorCode.SUCCESS:\n            return\n        value = None\n        message = response.get(\"message\", \"\")\n        screen: str = response.get(\"screen\", \"\")\n        stacktrace = None\n        if isinstance(status, int):\n            value_json = response.get(\"value\", None)\n            if value_json and isinstance(value_json, str):\n                import json\n    \n                try:\n                    value = json.loads(value_json)\n                    if len(value) == 1:\n                        value = value[\"value\"]\n                    status = value.get(\"error\", None)\n                    if not status:\n                        status = value.get(\"status\", ErrorCode.UNKNOWN_ERROR)\n                        message = value.get(\"value\") or value.get(\"message\")\n                        if not isinstance(message, str):\n                            value = message\n                            message = message.get(\"message\")\n                    else:\n                        message = value.get(\"message\", None)\n                except ValueError:\n                    pass\n    \n        exception_class: Type[WebDriverException]\n        e = ErrorCode()\n        error_codes = [item for item in dir(e) if not item.startswith(\"__\")]\n        for error_code in error_codes:\n            error_info = getattr(ErrorCode, error_code)\n            if isinstance(error_info, list) and status in error_info:\n                exception_class = getattr(ExceptionMapping, error_code, WebDriverException)\n                break\n        else:\n            exception_class = WebDriverException\n    \n        if not value:\n            value = response[\"value\"]\n        if isinstance(value, str):\n            raise exception_class(value)\n        if message == \"\" and \"message\" in value:\n            message = value[\"message\"]\n    \n        screen = None  # type: ignore[assignment]\n        if \"screen\" in value:\n            screen = value[\"screen\"]\n    \n        stacktrace = None\n        st_value = value.get(\"stackTrace\") or value.get(\"stacktrace\")\n        if st_value:\n            if isinstance(st_value, str):\n                stacktrace = st_value.split(\"\\n\")\n            else:\n                stacktrace = []\n                try:\n                    for frame in st_value:\n                        line = frame.get(\"lineNumber\", \"\")\n                        file = frame.get(\"fileName\", \"<anonymous>\")\n                        if line:\n                            file = f\"{file}:{line}\"\n                        meth = frame.get(\"methodName\", \"<anonymous>\")\n                        if \"className\" in frame:\n                            meth = f\"{frame['className']}.{meth}\"\n                        msg = \"    at %s (%s)\"\n                        msg = msg % (meth, file)\n                        stacktrace.append(msg)\n                except TypeError:\n                    pass\n        if exception_class == UnexpectedAlertPresentException:\n            alert_text = None\n            if \"data\" in value:\n                alert_text = value[\"data\"].get(\"text\")\n            elif \"alert\" in value:\n                alert_text = value[\"alert\"].get(\"text\")\n            raise exception_class(message, screen, stacktrace, alert_text)  # type: ignore[call-arg]  # mypy is not smart enough here\n>       raise exception_class(message, screen, stacktrace)\nE       selenium.common.exceptions.ElementClickInterceptedException: Message: Element <button class=\"button_button__33qZ0 button_button_type_primary__1O7Bx button_button_size_medium__3zxIa\"> is not clickable at point (720,461) because another element <div class=\"Modal_modal_overlay__x2ZCr\"> obscures it\nE       Stacktrace:\nE       RemoteError@chrome://remote/content/shared/RemoteError.sys.mjs:8:8\nE       WebDriverError@chrome://remote/content/shared/webdriver/Errors.sys.mjs:192:5\nE       ElementClickInterceptedError@chrome://remote/content/shared/webdriver/Errors.sys.mjs:336:5\nE       webdriverClickElement@chrome://remote/content/marionette/interaction.sys.mjs:176:11\nE       interaction.clickElement@chrome://remote/content/marionette/interaction.sys.mjs:135:11\nE       clickElement@chrome://remote/content/marionette/actors/MarionetteCommandsChild.sys.mjs:204:29\nE       receiveMessage@chrome://remote/content/marionette/actors/MarionetteCommandsChild.sys.mjs:84:31\n\n/Library/Frameworks/Python.framework/Versions/3.12/lib/python3.12/site-packages/selenium/webdriver/remote/errorhandler.py:229: ElementClickInterceptedException"}, "description": "Появляется текст \"Восстановление пароля\" и поля для ввода нового пароля и кода из письма", "steps": [{"name": "Инициализация браузера", "status": "passed", "parameters": [{"name": "driver", "value": "<selenium.webdriver.firefox.webdriver.WebDriver (session=\"55aed36a-5a06-4002-aeab-4dc508fb537e\")>"}], "start": 1715633839682, "stop": 1715633839682}, {"name": "Получаем текст элемента", "status": "passed", "steps": [{"name": "Поиск элемента с ожиданием", "status": "passed", "parameters": [{"name": "locator", "value": "('xpath', \".//input[@class ='text input__textfield text_type_main-default']\")"}], "start": 1715633840760, "stop": 1715633840782}], "parameters": [{"name": "locator", "value": "('xpath', \".//input[@class ='text input__textfield text_type_main-default']\")"}, {"name": "text", "value": "'oxanaisaeva5886@yandex.ru'"}], "start": 1715633840760, "stop": 1715633840821}, {"name": "Клик по элементу", "status": "broken", "statusDetails": {"message": "selenium.common.exceptions.ElementClickInterceptedException: Message: Element <button class=\"button_button__33qZ0 button_button_type_primary__1O7Bx button_button_size_medium__3zxIa\"> is not clickable at point (720,461) because another element <div class=\"Modal_modal_overlay__x2ZCr\"> obscures it\nStacktrace:\nRemoteError@chrome://remote/content/shared/RemoteError.sys.mjs:8:8\nWebDriverError@chrome://remote/content/shared/webdriver/Errors.sys.mjs:192:5\nElementClickInterceptedError@chrome://remote/content/shared/webdriver/Errors.sys.mjs:336:5\nwebdriverClickElement@chrome://remote/content/marionette/interaction.sys.mjs:176:11\ninteraction.clickElement@chrome://remote/content/marionette/interaction.sys.mjs:135:11\nclickElement@chrome://remote/content/marionette/actors/MarionetteCommandsChild.sys.mjs:204:29\nreceiveMessage@chrome://remote/content/marionette/actors/MarionetteCommandsChild.sys.mjs:84:31\n\n", "trace": "  File \"/Library/Frameworks/Python.framework/Versions/3.12/lib/python3.12/site-packages/allure_commons/_allure.py\", line 192, in impl\n    return func(*a, **kw)\n           ^^^^^^^^^^^^^^\n  File \"/Users/oksanaisaeva/PycharmProjects/Diplom/Diplom_3/pages/base_page.py\", line 21, in click_on_element\n    element.click()\n  File \"/Library/Frameworks/Python.framework/Versions/3.12/lib/python3.12/site-packages/selenium/webdriver/remote/webelement.py\", line 94, in click\n    self._execute(Command.CLICK_ELEMENT)\n  File \"/Library/Frameworks/Python.framework/Versions/3.12/lib/python3.12/site-packages/selenium/webdriver/remote/webelement.py\", line 395, in _execute\n    return self._parent.execute(command, params)\n           ^^^^^^^^^^^^^^^^^^^^^^^^^^^^^^^^^^^^^\n  File \"/Library/Frameworks/Python.framework/Versions/3.12/lib/python3.12/site-packages/selenium/webdriver/remote/webdriver.py\", line 347, in execute\n    self.error_handler.check_response(response)\n  File \"/Library/Frameworks/Python.framework/Versions/3.12/lib/python3.12/site-packages/selenium/webdriver/remote/errorhandler.py\", line 229, in check_response\n    raise exception_class(message, screen, stacktrace)\n"}, "steps": [{"name": "Поиск элемента с ожиданием", "status": "passed", "parameters": [{"name": "locator", "value": "('xpath', \".//button[@class ='button_button__33qZ0 button_button_type_primary__1O7Bx button_button_size_medium__3zxIa'][text()='Восстановить']\")"}], "start": 1715633840821, "stop": 1715633840828}], "parameters": [{"name": "locator", "value": "('xpath', \".//button[@class ='button_button__33qZ0 button_button_type_primary__1O7Bx button_button_size_medium__3zxIa'][text()='Восстановить']\")"}], "start": 1715633840821, "stop": 1715633840833}], "parameters": [{"name": "driver", "value": "'firefox'"}], "start": 1715633839682, "stop": 1715633840834, "uuid": "857cef9c-f8f7-429b-a5d7-354f15a07f63", "historyId": "2f1441c041144b3f36ba646fdf9e58aa", "testCaseId": "b3b73687b6c64c061f7d95ab3704a34f", "fullName": "tests.test_restore_password_page.TestRestorePasswordPage#test_click_to_restore_button", "labels": [{"name": "parentSuite", "value": "tests"}, {"name": "suite", "value": "test_restore_password_page"}, {"name": "subSuite", "value": "TestRestorePasswordPage"}, {"name": "host", "value": "MacBook-Air-Oksana.local"}, {"name": "thread", "value": "78596-MainThread"}, {"name": "framework", "value": "pytest"}, {"name": "language", "value": "cpython3"}, {"name": "package", "value": "tests.test_restore_password_page"}]}