{"name": "Проверка того, что при добавлении ингредиента в заказ счётчик этого ингридиента увеличивается", "status": "broken", "statusDetails": {"message": "selenium.common.exceptions.TimeoutException: Message: \nStacktrace:\nRemoteError@chrome://remote/content/shared/RemoteError.sys.mjs:8:8\nWebDriverError@chrome://remote/content/shared/webdriver/Errors.sys.mjs:192:5\nNoSuchElementError@chrome://remote/content/shared/webdriver/Errors.sys.mjs:510:5\ndom.find/</<@chrome://remote/content/shared/DOM.sys.mjs:136:16", "trace": "self = <tests.test_main_functionality.TestMainFunctionalityPage object at 0x107032060>\ndriver = <selenium.webdriver.firefox.webdriver.WebDriver (session=\"33766344-7456-4b0e-92bc-bb0d172c5e34\")>\n\n    @allure.title('Проверка того, что при добавлении ингредиента в заказ счётчик этого ингридиента увеличивается')\n    @allure.description('Элемент счетчик Флюоресцентной булки (MainFunctionalityLocators.FLUORESCENT_BUN_COUNTER) '\n                        'с текстом \"2\" присутствует на странице')\n    def test_ingredient_counter(self, driver):\n        main_func_page = MainFunctionalityPage(driver)\n        main_func_page.find_element_with_wait(MainFunctionalityLocators.CONSTRUCTOR_TEXT)\n        main_func_page.move_ingredient_to_creator(driver, MainFunctionalityLocators.FLUORESCENT_BUN,\n                                                  MainFunctionalityLocators.CONSTRUCTOR)\n>       main_func_page.find_element_with_wait(MainFunctionalityLocators.FLUORESCENT_BUN_COUNTER)\n\ntests/test_main_functionality.py:61: \n_ _ _ _ _ _ _ _ _ _ _ _ _ _ _ _ _ _ _ _ _ _ _ _ _ _ _ _ _ _ _ _ _ _ _ _ _ _ _ _ _ _ _ _ _ _ _ _ _ _ _ _ _ _ _ _ _ _ _ _ _ _ _ _ _ _ _ _ _ _ _ _ _ _ _ _ _ _ _ _ _ _ _ _ _ _ \npages/base_page.py:14: in find_element_with_wait\n    WebDriverWait(self.driver, 5).until(expected_conditions.visibility_of_element_located(locator))\n_ _ _ _ _ _ _ _ _ _ _ _ _ _ _ _ _ _ _ _ _ _ _ _ _ _ _ _ _ _ _ _ _ _ _ _ _ _ _ _ _ _ _ _ _ _ _ _ _ _ _ _ _ _ _ _ _ _ _ _ _ _ _ _ _ _ _ _ _ _ _ _ _ _ _ _ _ _ _ _ _ _ _ _ _ _ \n\nself = <selenium.webdriver.support.wait.WebDriverWait (session=\"33766344-7456-4b0e-92bc-bb0d172c5e34\")>\nmethod = <function visibility_of_element_located.<locals>._predicate at 0x10711ce00>, message = ''\n\n    def until(self, method: Callable[[D], Union[Literal[False], T]], message: str = \"\") -> T:\n        \"\"\"Calls the method provided with the driver as an argument until the \\\n        return value does not evaluate to ``False``.\n    \n        :param method: callable(WebDriver)\n        :param message: optional message for :exc:`TimeoutException`\n        :returns: the result of the last call to `method`\n        :raises: :exc:`selenium.common.exceptions.TimeoutException` if timeout occurs\n        \"\"\"\n        screen = None\n        stacktrace = None\n    \n        end_time = time.monotonic() + self._timeout\n        while True:\n            try:\n                value = method(self._driver)\n                if value:\n                    return value\n            except self._ignored_exceptions as exc:\n                screen = getattr(exc, \"screen\", None)\n                stacktrace = getattr(exc, \"stacktrace\", None)\n            time.sleep(self._poll)\n            if time.monotonic() > end_time:\n                break\n>       raise TimeoutException(message, screen, stacktrace)\nE       selenium.common.exceptions.TimeoutException: Message: \nE       Stacktrace:\nE       RemoteError@chrome://remote/content/shared/RemoteError.sys.mjs:8:8\nE       WebDriverError@chrome://remote/content/shared/webdriver/Errors.sys.mjs:192:5\nE       NoSuchElementError@chrome://remote/content/shared/webdriver/Errors.sys.mjs:510:5\nE       dom.find/</<@chrome://remote/content/shared/DOM.sys.mjs:136:16\n\n/Library/Frameworks/Python.framework/Versions/3.12/lib/python3.12/site-packages/selenium/webdriver/support/wait.py:105: TimeoutException"}, "description": "Элемент счетчик Флюоресцентной булки (MainFunctionalityLocators.FLUORESCENT_BUN_COUNTER) с текстом \"2\" присутствует на странице", "steps": [{"name": "Инициализация браузера", "status": "passed", "parameters": [{"name": "driver", "value": "<selenium.webdriver.firefox.webdriver.WebDriver (session=\"33766344-7456-4b0e-92bc-bb0d172c5e34\")>"}], "start": 1715931335926, "stop": 1715931335926}, {"name": "Поиск элемента с ожиданием", "status": "passed", "parameters": [{"name": "locator", "value": "('xpath', \".//h1[@class='text text_type_main-large mb-5 mt-10'][text()='Соберите бургер']\")"}], "start": 1715931335926, "stop": 1715931335951}, {"name": "Перетаскивание ингредиента в конструктор", "status": "passed", "steps": [{"name": "Поиск элемента с ожиданием", "status": "passed", "parameters": [{"name": "locator", "value": "('xpath', \".//img[@alt='Флюоресцентная булка R2-D3'][@class='BurgerIngredient_ingredient__image__3e-07 ml-4 mr-4']\")"}], "start": 1715931335951, "stop": 1715931335961}, {"name": "Поиск элемента с ожиданием", "status": "passed", "parameters": [{"name": "locator", "value": "('xpath', \".//div[@class='constructor-element constructor-element_pos_top']\")"}], "start": 1715931335961, "stop": 1715931335969}], "parameters": [{"name": "driver", "value": "<selenium.webdriver.firefox.webdriver.WebDriver (session=\"33766344-7456-4b0e-92bc-bb0d172c5e34\")>"}, {"name": "ingredient_locator", "value": "('xpath', \".//img[@alt='Флюоресцентная булка R2-D3'][@class='BurgerIngredient_ingredient__image__3e-07 ml-4 mr-4']\")"}, {"name": "creator_locator", "value": "('xpath', \".//div[@class='constructor-element constructor-element_pos_top']\")"}], "start": 1715931335951, "stop": 1715931336765}, {"name": "Поиск элемента с ожиданием", "status": "broken", "statusDetails": {"message": "selenium.common.exceptions.TimeoutException: Message: \nStacktrace:\nRemoteError@chrome://remote/content/shared/RemoteError.sys.mjs:8:8\nWebDriverError@chrome://remote/content/shared/webdriver/Errors.sys.mjs:192:5\nNoSuchElementError@chrome://remote/content/shared/webdriver/Errors.sys.mjs:510:5\ndom.find/</<@chrome://remote/content/shared/DOM.sys.mjs:136:16\n\n", "trace": "  File \"/Library/Frameworks/Python.framework/Versions/3.12/lib/python3.12/site-packages/allure_commons/_allure.py\", line 192, in impl\n    return func(*a, **kw)\n           ^^^^^^^^^^^^^^\n  File \"/Users/oksanaisaeva/PycharmProjects/Diplom/Diplom_3/pages/base_page.py\", line 14, in find_element_with_wait\n    WebDriverWait(self.driver, 5).until(expected_conditions.visibility_of_element_located(locator))\n  File \"/Library/Frameworks/Python.framework/Versions/3.12/lib/python3.12/site-packages/selenium/webdriver/support/wait.py\", line 105, in until\n    raise TimeoutException(message, screen, stacktrace)\n"}, "parameters": [{"name": "locator", "value": "('xpath', \".//p[@class='counter_counter__num__3nue1'][text()='2']\")"}], "start": 1715931336765, "stop": 1715931341850}], "parameters": [{"name": "driver", "value": "'firefox'"}], "start": 1715931335926, "stop": 1715931341853, "uuid": "ecf069e8-c5c8-4c98-becb-1d211405aece", "historyId": "ff4e30438b2162de7bcf307814dba3fb", "testCaseId": "8effbc467cd358a958ab4864fb824d2c", "fullName": "tests.test_main_functionality.TestMainFunctionalityPage#test_ingredient_counter", "labels": [{"name": "parentSuite", "value": "tests"}, {"name": "suite", "value": "test_main_functionality"}, {"name": "subSuite", "value": "TestMainFunctionalityPage"}, {"name": "host", "value": "MacBook-Air-Oksana.local"}, {"name": "thread", "value": "94992-MainThread"}, {"name": "framework", "value": "pytest"}, {"name": "language", "value": "cpython3"}, {"name": "package", "value": "tests.test_main_functionality"}]}